<?xml version="1.0" encoding="UTF-8"?>
<testsuite xmlns:xsi="http://www.w3.org/2001/XMLSchema-instance" xsi:noNamespaceSchemaLocation="https://maven.apache.org/surefire/maven-surefire-plugin/xsd/surefire-test-report.xsd" version="3.0.2" name="com.nick.strproducer.StrProducerApplicationTests" time="12.062" tests="1" errors="0" skipped="0" failures="0">
  <properties>
[...]
</properties>
  <testcase name="contextLoads" classname="com.nick.strproducer.StrProducerApplicationTests" time="2.885">
    <system-out><![CDATA[14:05:59.574 [main] INFO org.springframework.test.context.support.AnnotationConfigContextLoaderUtils -- Could not detect default configuration classes for test class [com.nick.strproducer.StrProducerApplicationTests]: StrProducerApplicationTests does not declare any static, non-private, non-final, nested classes annotated with @Configuration.
14:05:59.967 [main] INFO org.springframework.boot.test.context.SpringBootTestContextBootstrapper -- Found @SpringBootConfiguration com.nick.strproducer.StrProducerApplication for test class com.nick.strproducer.StrProducerApplicationTests

  .   ____          _            __ _ _
 /\\ / ___'_ __ _ _(_)_ __  __ _ \ \ \ \
( ( )\___ | '_ | '_| | '_ \/ _` | \ \ \ \
 \\/  ___)| |_)| | | | | || (_| |  ) ) ) )
  '  |____| .__|_| |_|_| |_\__, | / / / /
 =========|_|==============|___/=/_/_/_/

 :: Spring Boot ::                (v3.5.0)

2025-05-29T14:06:01.720-03:00  INFO 11200 --- [str-producer] [           main] c.n.s.StrProducerApplicationTests        : Starting StrProducerApplicationTests using Java 20.0.2.1 with PID 11200 (started by nickm in C:\Users\nickm\OneDrive\Documentos\GitHub\workspace\Python\KAFKA\str-producer\str-producer)
2025-05-29T14:06:01.726-03:00  INFO 11200 --- [str-producer] [           main] c.n.s.StrProducerApplicationTests        : No active profile set, falling back to 1 default profile: "default"
2025-05-29T14:06:08.301-03:00  INFO 11200 --- [str-producer] [           main] c.n.s.StrProducerApplicationTests        : Started StrProducerApplicationTests in 7.748 seconds (process running for 11.765)
]]></system-out>
  </testcase>
</testsuite>